<?xml version="1.0" encoding="UTF-8"?>
<testng-results skipped="0" failed="0" total="2" passed="2">
  <reporter-output>
  </reporter-output>
  <suite name="TestNG Cucumber Example Test 1" duration-ms="2048" started-at="2018-06-25T15:59:20Z" finished-at="2018-06-25T15:59:22Z">
    <groups>
      <group name="cucumber">
        <method signature="AbstractTestNGCucumberTests.feature(cucumber.api.testng.CucumberFeatureWrapper)[pri:0, instance:TestRunner@17c68925]" name="feature" class="cucumber.api.testng.AbstractTestNGCucumberTests"/>
      </group> <!-- cucumber -->
    </groups>
    <test name="TestNG Example Test" duration-ms="2048" started-at="2018-06-25T15:59:20Z" finished-at="2018-06-25T15:59:22Z">
      <class name="TestRunner">
        <test-method status="PASS" signature="setUpClass()[pri:0, instance:TestRunner@17c68925]" name="setUpClass" is-config="true" duration-ms="1083" started-at="2018-06-25T21:29:20Z" finished-at="2018-06-25T21:29:21Z">
          <reporter-output>
          </reporter-output>
        </test-method> <!-- setUpClass -->
        <test-method status="PASS" signature="feature(cucumber.api.testng.CucumberFeatureWrapper)[pri:0, instance:TestRunner@17c68925]" name="feature" duration-ms="519" started-at="2018-06-25T21:29:21Z" description="Runs Cucumber Feature" data-provider="features" finished-at="2018-06-25T21:29:22Z">
          <params>
            <param index="0">
              <value>
                <![CDATA[Edit Profile]]>
              </value>
            </param>
          </params>
          <reporter-output>
          </reporter-output>
        </test-method> <!-- feature -->
        <test-method status="PASS" signature="feature(cucumber.api.testng.CucumberFeatureWrapper)[pri:0, instance:TestRunner@17c68925]" name="feature" duration-ms="3" started-at="2018-06-25T21:29:22Z" description="Runs Cucumber Feature" data-provider="features" finished-at="2018-06-25T21:29:22Z">
          <params>
            <param index="0">
              <value>
                <![CDATA[Login]]>
              </value>
            </param>
          </params>
          <reporter-output>
          </reporter-output>
        </test-method> <!-- feature -->
        <test-method status="PASS" signature="tearDownClass()[pri:0, instance:TestRunner@17c68925]" name="tearDownClass" is-config="true" duration-ms="20" started-at="2018-06-25T21:29:22Z" finished-at="2018-06-25T21:29:22Z">
          <reporter-output>
          </reporter-output>
        </test-method> <!-- tearDownClass -->
      </class> <!-- TestRunner -->
    </test> <!-- TestNG Example Test -->
  </suite> <!-- TestNG Cucumber Example Test 1 -->
</testng-results>
